C51 COMPILER V9.60.0.0   CLOCK_T2                                                          05/08/2020 23:04:02 PAGE 1   


C51 COMPILER V9.60.0.0, COMPILATION OF MODULE CLOCK_T2
OBJECT MODULE PLACED IN .\Objects\Clock_T2.obj
COMPILER INVOKED BY: D:\Keil_v5\C51\BIN\C51.EXE Clock_T2.c OMF2 OPTIMIZE(8,SPEED) BROWSE DEBUG PRINT(.\Listings\Clock_T2
                    -.lst) TABS(2) OBJECT(.\Objects\Clock_T2.obj)

line level    source

   1          
   2          #include <STC8.H>
   3          
   4          #include "Clock_T2.h"
   5          
   6          static tmTypedef tm= {1,10,15,0};
   7          void ClockT2_Init()
   8          {
   9   1          AUXR &= ~T2x12;   //定时器时钟12T模式
  10   1          T2L = T2Count;                                 //65536-11.0592M/12/1000
  11   1          T2H = T2Count>>8;
  12   1          AUXR |= T2R;                                //启动定时器
  13   1          IE2 = ET2;                                  //使能定时器中断
  14   1          EA = 1;
  15   1      }
  16          tmTypedef GetClock()
  17          {
  18   1          return tm;
  19   1      }
  20          char subTime(tmTypedef* oldtm,tmTypedef* subVal)
  21          {
  22   1      
  23   1          if(tm.tmVal-oldtm->tmVal>subVal->tmVal)
  24   1          {
  25   2              return 1;
  26   2          }
  27   1          else
  28   1          {
  29   2              return 0;
  30   2          }
  31   1      
  32   1      }
  33          //1000Hz的频率
  34          void TM2_Isr() interrupt 12
  35          {
  36   1          static int val=0;
  37   1          AUXINTIF &= ~T2IF;                          //清中断标志
  38   1      
  39   1          val++;
  40   1          if(val>999)
  41   1          {
  42   2              //100Hz的进入频率
  43   2              tm.tmVal++;
  44   2              val=0;
  45   2          }
  46   1      }


MODULE INFORMATION:   STATIC OVERLAYABLE
   CODE SIZE        =    165    ----
   CONSTANT SIZE    =   ----    ----
   XDATA SIZE       =   ----    ----
   PDATA SIZE       =   ----    ----
   DATA SIZE        =      6       6
C51 COMPILER V9.60.0.0   CLOCK_T2                                                          05/08/2020 23:04:02 PAGE 2   

   IDATA SIZE       =   ----    ----
   BIT SIZE         =   ----    ----
   EDATA SIZE       =   ----    ----
   HDATA SIZE       =   ----    ----
   XDATA CONST SIZE =   ----    ----
   FAR CONST SIZE   =   ----    ----
END OF MODULE INFORMATION.


C51 COMPILATION COMPLETE.  0 WARNING(S),  0 ERROR(S)
