C51 COMPILER V9.60.0.0   DETIME                                                            05/08/2020 23:04:02 PAGE 1   


C51 COMPILER V9.60.0.0, COMPILATION OF MODULE DETIME
OBJECT MODULE PLACED IN .\Objects\DeTime.obj
COMPILER INVOKED BY: D:\Keil_v5\C51\BIN\C51.EXE DeTime.c OMF2 OPTIMIZE(8,SPEED) BROWSE DEBUG PRINT(.\Listings\DeTime.lst
                    -) TABS(2) OBJECT(.\Objects\DeTime.obj)

line level    source

   1          
   2          #include "DeTime.h"
   3          #include <stdlib.h>
   4          DeTimeStruct m_DeTimeData;
   5          void SetFlag(char enble)//是否为随机
   6          {
   7   1          m_DeTimeData.RngFlag =enble>0;
   8   1      }
   9          void OffSetstVal(char offVal)//固定数值
  10          {
  11   1          m_DeTimeData.StaticVal+=offVal;
  12   1          if(m_DeTimeData.StaticVal>99)
  13   1          {
  14   2              m_DeTimeData.StaticVal=99;
  15   2          }
  16   1          if(m_DeTimeData.StaticVal<0)
  17   1          {
  18   2              m_DeTimeData.StaticVal=0;
  19   2          }
  20   1      }
  21          void OffSetMXVal(char offVal)//最大随机值
  22          {
  23   1          m_DeTimeData.RngMax+=offVal;
  24   1          if(m_DeTimeData.RngMax>99)
  25   1          {
  26   2              m_DeTimeData.RngMax=99;
  27   2          }
  28   1          if(m_DeTimeData.RngMax<m_DeTimeData.RngMin)
  29   1          {
  30   2              m_DeTimeData.RngMax=m_DeTimeData.RngMin;
  31   2          }
  32   1      }
  33          void OffSetMNVal(char offVal)//最小随机值
  34          {
  35   1          m_DeTimeData.RngMin+=offVal;
  36   1          if(m_DeTimeData.RngMin>m_DeTimeData.RngMax)
  37   1          {
  38   2              m_DeTimeData.RngMin=m_DeTimeData.RngMax;
  39   2          }
  40   1          if(m_DeTimeData.RngMin<0)
  41   1          {
  42   2              m_DeTimeData.RngMin=0;
  43   2          }
  44   1      }
  45          char getRng()
  46          {
  47   1          char CurVal;
  48   1          float fVal;
  49   1          int t;
  50   1          t=rand();
  51   1          m_DeTimeData.ss.seed=t;
  52   1          CurVal= t%m_DeTimeData.RngMax;
  53   1          fVal= CurVal/1.0/m_DeTimeData.RngMax;
  54   1          CurVal= m_DeTimeData.RngMin+fVal*(m_DeTimeData.RngMax-m_DeTimeData.RngMin);
C51 COMPILER V9.60.0.0   DETIME                                                            05/08/2020 23:04:02 PAGE 2   

  55   1      
  56   1          return CurVal;
  57   1      }


MODULE INFORMATION:   STATIC OVERLAYABLE
   CODE SIZE        =    276    ----
   CONSTANT SIZE    =   ----    ----
   XDATA SIZE       =   ----    ----
   PDATA SIZE       =   ----    ----
   DATA SIZE        =      7       5
   IDATA SIZE       =   ----    ----
   BIT SIZE         =   ----    ----
   EDATA SIZE       =   ----    ----
   HDATA SIZE       =   ----    ----
   XDATA CONST SIZE =   ----    ----
   FAR CONST SIZE   =   ----    ----
END OF MODULE INFORMATION.


C51 COMPILATION COMPLETE.  0 WARNING(S),  0 ERROR(S)
